<?xml version="1.0" encoding="UTF-8"?>
<!-- Generated by org.testng.reporters.JUnitReportReporter -->
<testsuite hostname="GOWRISANKAR" failures="0" tests="3" name="sample_Test_NG.NewTest1" time="0.142" errors="0" timestamp="2025-03-23T16:56:59 IST" skipped="0">
  <testcase classname="sample_Test_NG.NewTest1" name="fff" time="0.058"/>
  <testcase classname="sample_Test_NG.NewTest1" name="f" time="0.041"/>
  <testcase classname="sample_Test_NG.NewTest1" name="ff" time="0.043"/>
</testsuite> <!-- sample_Test_NG.NewTest1 -->
